This file contains any messages produced by compilers while
running configure, to aid debugging if configure makes a mistake.

It was created by 42sh configure 1.0, which was
generated by GNU Autoconf 2.71.  Invocation command line was

  $ ./configure

## --------- ##
## Platform. ##
## --------- ##

hostname = ArchLinux
uname -m = x86_64
uname -r = 6.1.64-1-lts
uname -s = Linux
uname -v = #1 SMP PREEMPT_DYNAMIC Tue, 28 Nov 2023 19:37:35 +0000

/usr/bin/uname -p = unknown
/bin/uname -X     = unknown

/bin/arch              = unknown
/usr/bin/arch -k       = unknown
/usr/convex/getsysinfo = unknown
/usr/bin/hostinfo      = unknown
/bin/machine           = unknown
/usr/bin/oslevel       = unknown
/bin/universe          = unknown

PATH: /sbin/
PATH: /bin/
PATH: /usr/local/sbin/
PATH: /usr/local/bin/
PATH: /usr/bin/
PATH: /usr/sbin/
PATH: /usr/bin/site_perl/
PATH: /usr/bin/vendor_perl/
PATH: /usr/bin/core_perl/
PATH: /usr/lib/rustup/bin/


## ----------- ##
## Core tests. ##
## ----------- ##

configure:2157: looking for aux files: ar-lib compile missing install-sh
configure:2170:  trying ./
configure:2199:   ./ar-lib found
configure:2199:   ./compile found
configure:2199:   ./missing found
configure:2181:   ./install-sh found
configure:2328: checking for a BSD-compatible install
configure:2401: result: /bin/install -c
configure:2412: checking whether build environment is sane
configure:2467: result: yes
configure:2626: checking for a race-free mkdir -p
configure:2670: result: /sbin/mkdir -p
configure:2677: checking for gawk
configure:2698: found /sbin/gawk
configure:2709: result: gawk
configure:2720: checking whether make sets $(MAKE)
configure:2743: result: yes
configure:2773: checking whether make supports nested variables
configure:2791: result: yes
configure:2990: checking for gcc
configure:3011: found /sbin/gcc
configure:3022: result: gcc
configure:3375: checking for C compiler version
configure:3384: gcc --version >&5
gcc (GCC) 13.2.1 20230801
Copyright (C) 2023 Free Software Foundation, Inc.
This is free software; see the source for copying conditions.  There is NO
warranty; not even for MERCHANTABILITY or FITNESS FOR A PARTICULAR PURPOSE.

configure:3395: $? = 0
configure:3384: gcc -v >&5
Using built-in specs.
COLLECT_GCC=gcc
COLLECT_LTO_WRAPPER=/usr/lib/gcc/x86_64-pc-linux-gnu/13.2.1/lto-wrapper
Target: x86_64-pc-linux-gnu
Configured with: /build/gcc/src/gcc/configure --enable-languages=ada,c,c++,d,fortran,go,lto,objc,obj-c++ --enable-bootstrap --prefix=/usr --libdir=/usr/lib --libexecdir=/usr/lib --mandir=/usr/share/man --infodir=/usr/share/info --with-bugurl=https://bugs.archlinux.org/ --with-build-config=bootstrap-lto --with-linker-hash-style=gnu --with-system-zlib --enable-__cxa_atexit --enable-cet=auto --enable-checking=release --enable-clocale=gnu --enable-default-pie --enable-default-ssp --enable-gnu-indirect-function --enable-gnu-unique-object --enable-libstdcxx-backtrace --enable-link-serialization=1 --enable-linker-build-id --enable-lto --enable-multilib --enable-plugin --enable-shared --enable-threads=posix --disable-libssp --disable-libstdcxx-pch --disable-werror
Thread model: posix
Supported LTO compression algorithms: zlib zstd
gcc version 13.2.1 20230801 (GCC) 
configure:3395: $? = 0
configure:3384: gcc -V >&5
gcc: error: unrecognized command-line option '-V'
gcc: fatal error: no input files
compilation terminated.
configure:3395: $? = 1
configure:3384: gcc -qversion >&5
gcc: error: unrecognized command-line option '-qversion'; did you mean '--version'?
gcc: fatal error: no input files
compilation terminated.
configure:3395: $? = 1
configure:3384: gcc -version >&5
gcc: error: unrecognized command-line option '-version'
gcc: fatal error: no input files
compilation terminated.
configure:3395: $? = 1
configure:3415: checking whether the C compiler works
configure:3437: gcc    conftest.c  >&5
configure:3441: $? = 0
configure:3491: result: yes
configure:3494: checking for C compiler default output file name
configure:3496: result: a.out
configure:3502: checking for suffix of executables
configure:3509: gcc -o conftest    conftest.c  >&5
configure:3513: $? = 0
configure:3536: result: 
configure:3558: checking whether we are cross compiling
configure:3566: gcc -o conftest    conftest.c  >&5
configure:3570: $? = 0
configure:3577: ./conftest
configure:3581: $? = 0
configure:3596: result: no
configure:3601: checking for suffix of object files
configure:3624: gcc -c   conftest.c >&5
configure:3628: $? = 0
configure:3650: result: o
configure:3654: checking whether the compiler supports GNU C
configure:3674: gcc -c   conftest.c >&5
configure:3674: $? = 0
configure:3684: result: yes
configure:3695: checking whether gcc accepts -g
configure:3716: gcc -c -g  conftest.c >&5
configure:3716: $? = 0
configure:3760: result: yes
configure:3780: checking for gcc option to enable C11 features
configure:3795: gcc  -c -g -O2  conftest.c >&5
configure:3795: $? = 0
configure:3813: result: none needed
configure:3929: checking whether gcc understands -c and -o together
configure:3952: gcc -c conftest.c -o conftest2.o
configure:3955: $? = 0
configure:3952: gcc -c conftest.c -o conftest2.o
configure:3955: $? = 0
configure:3967: result: yes
configure:3987: checking whether make supports the include directive
configure:4002: make -f confmf.GNU && cat confinc.out
this is the am__doit target
configure:4005: $? = 0
configure:4024: result: yes (GNU style)
configure:4050: checking dependency style of gcc
configure:4162: result: gcc3
configure:4177: checking for a sed that does not truncate output
configure:4247: result: /sbin/sed
configure:4334: gcc -c -g -O2  conftest.c >&5
conftest.c:13:9: error: #error "no C++"
   13 |        #error "no C++"
      |         ^~~~~
configure:4334: $? = 1
configure: failed program was:
| /* confdefs.h */
| #define PACKAGE_NAME "42sh"
| #define PACKAGE_TARNAME "42sh"
| #define PACKAGE_VERSION "1.0"
| #define PACKAGE_STRING "42sh 1.0"
| #define PACKAGE_BUGREPORT "david-oritz.calderon@epita.fr"
| #define PACKAGE_URL ""
| #define PACKAGE "42sh"
| #define VERSION "1.0"
| /* end confdefs.h.  */
| 
|       #ifndef __cplusplus
|        #error "no C++"
|        #endif
| int
| main (void)
| {
| 
|   ;
|   return 0;
| }
configure:4347: checking whether C compiler accepts -Werror=unknown-warning-option
configure:4367: gcc -c -g -O2  -Werror=unknown-warning-option  conftest.c >&5
cc1: error: '-Werror=unknown-warning-option': no option '-Wunknown-warning-option'
configure:4367: $? = 1
configure: failed program was:
| /* confdefs.h */
| #define PACKAGE_NAME "42sh"
| #define PACKAGE_TARNAME "42sh"
| #define PACKAGE_VERSION "1.0"
| #define PACKAGE_STRING "42sh 1.0"
| #define PACKAGE_BUGREPORT "david-oritz.calderon@epita.fr"
| #define PACKAGE_URL ""
| #define PACKAGE "42sh"
| #define VERSION "1.0"
| /* end confdefs.h.  */
| 
| int
| main (void)
| {
| 
|   ;
|   return 0;
| }
configure:4376: result: no
configure:4391: checking whether C compiler accepts -Wno-suggest-attribute=format
configure:4411: gcc -c -g -O2  -Wno-suggest-attribute=format  conftest.c >&5
configure:4411: $? = 0
configure:4420: result: yes
configure:4441: checking whether C compiler accepts -fno-strict-aliasing
configure:4461: gcc -c -g -O2  -fno-strict-aliasing  conftest.c >&5
configure:4461: $? = 0
configure:4471: result: yes
configure:4500: : WARN_CFLAGS="$WARN_CFLAGS"
configure:4503: $? = 0
configure:4441: checking whether C compiler accepts -Wall
configure:4461: gcc -c -g -O2  -Wall  conftest.c >&5
configure:4461: $? = 0
configure:4471: result: yes
configure:4489: : WARN_CFLAGS="$WARN_CFLAGS"
configure:4492: $? = 0
configure:4441: checking whether C compiler accepts -Wextra
configure:4461: gcc -c -g -O2  -Wextra  conftest.c >&5
configure:4461: $? = 0
configure:4471: result: yes
configure:4489: : WARN_CFLAGS="$WARN_CFLAGS"
configure:4492: $? = 0
configure:4441: checking whether C compiler accepts -Werror
configure:4461: gcc -c -g -O2  -Werror  conftest.c >&5
configure:4461: $? = 0
configure:4471: result: yes
configure:4489: : WARN_CFLAGS="$WARN_CFLAGS"
configure:4492: $? = 0
configure:4441: checking whether C compiler accepts -std=c99
configure:4461: gcc -c -g -O2  -std=c99  conftest.c >&5
configure:4461: $? = 0
configure:4471: result: yes
configure:4489: : WARN_CFLAGS="$WARN_CFLAGS"
configure:4492: $? = 0
configure:4441: checking whether C compiler accepts -pedantic
configure:4461: gcc -c -g -O2  -pedantic  conftest.c >&5
configure:4461: $? = 0
configure:4471: result: yes
configure:4489: : WARN_CFLAGS="$WARN_CFLAGS"
configure:4492: $? = 0
configure:4526: checking whether C compiler accepts -Wnested-externs
configure:4546: gcc -c -g -O2  -Wnested-externs  conftest.c >&5
configure:4546: $? = 0
configure:4556: result: yes
configure:4574: : WARN_CFLAGS="$WARN_CFLAGS"
configure:4577: $? = 0
configure:4526: checking whether C compiler accepts -Wmissing-prototypes
configure:4546: gcc -c -g -O2  -Wmissing-prototypes  conftest.c >&5
configure:4546: $? = 0
configure:4556: result: yes
configure:4574: : WARN_CFLAGS="$WARN_CFLAGS"
configure:4577: $? = 0
configure:4526: checking whether C compiler accepts -Wstrict-prototypes
configure:4546: gcc -c -g -O2  -Wstrict-prototypes  conftest.c >&5
configure:4546: $? = 0
configure:4556: result: yes
configure:4574: : WARN_CFLAGS="$WARN_CFLAGS"
configure:4577: $? = 0
configure:4526: checking whether C compiler accepts -Wdeclaration-after-statement
configure:4546: gcc -c -g -O2  -Wdeclaration-after-statement  conftest.c >&5
configure:4546: $? = 0
configure:4556: result: yes
configure:4574: : WARN_CFLAGS="$WARN_CFLAGS"
configure:4577: $? = 0
configure:4526: checking whether C compiler accepts -Wimplicit-function-declaration
configure:4546: gcc -c -g -O2  -Wimplicit-function-declaration  conftest.c >&5
configure:4546: $? = 0
configure:4556: result: yes
configure:4574: : WARN_CFLAGS="$WARN_CFLAGS"
configure:4577: $? = 0
configure:4526: checking whether C compiler accepts -Wold-style-definition
configure:4546: gcc -c -g -O2  -Wold-style-definition  conftest.c >&5
configure:4546: $? = 0
configure:4556: result: yes
configure:4574: : WARN_CFLAGS="$WARN_CFLAGS"
configure:4577: $? = 0
configure:4526: checking whether C compiler accepts -Wjump-misses-init
configure:4546: gcc -c -g -O2  -Wjump-misses-init  conftest.c >&5
configure:4546: $? = 0
configure:4556: result: yes
configure:4574: : WARN_CFLAGS="$WARN_CFLAGS"
configure:4577: $? = 0
configure:4608: checking whether C compiler accepts -Wall
configure:4638: result: yes
configure:4648: : WARN_CFLAGS already contains $flag
configure:4651: $? = 0
configure:4608: checking whether C compiler accepts -Wextra
configure:4638: result: yes
configure:4648: : WARN_CFLAGS already contains $flag
configure:4651: $? = 0
configure:4608: checking whether C compiler accepts -Wundef
configure:4628: gcc -c -g -O2  -Wundef  conftest.c >&5
configure:4628: $? = 0
configure:4638: result: yes
configure:4656: : WARN_CFLAGS="$WARN_CFLAGS"
configure:4659: $? = 0
configure:4608: checking whether C compiler accepts -Wwrite-strings
configure:4628: gcc -c -g -O2  -Wwrite-strings  conftest.c >&5
configure:4628: $? = 0
configure:4638: result: yes
configure:4656: : WARN_CFLAGS="$WARN_CFLAGS"
configure:4659: $? = 0
configure:4608: checking whether C compiler accepts -Wpointer-arith
configure:4628: gcc -c -g -O2  -Wpointer-arith  conftest.c >&5
configure:4628: $? = 0
configure:4638: result: yes
configure:4656: : WARN_CFLAGS="$WARN_CFLAGS"
configure:4659: $? = 0
configure:4608: checking whether C compiler accepts -Wmissing-declarations
configure:4628: gcc -c -g -O2  -Wmissing-declarations  conftest.c >&5
configure:4628: $? = 0
configure:4638: result: yes
configure:4656: : WARN_CFLAGS="$WARN_CFLAGS"
configure:4659: $? = 0
configure:4608: checking whether C compiler accepts -Wredundant-decls
configure:4628: gcc -c -g -O2  -Wredundant-decls  conftest.c >&5
configure:4628: $? = 0
configure:4638: result: yes
configure:4656: : WARN_CFLAGS="$WARN_CFLAGS"
configure:4659: $? = 0
configure:4608: checking whether C compiler accepts -Wno-unused-parameter
configure:4628: gcc -c -g -O2  -Wno-unused-parameter  conftest.c >&5
configure:4628: $? = 0
configure:4638: result: yes
configure:4656: : WARN_CFLAGS="$WARN_CFLAGS"
configure:4659: $? = 0
configure:4608: checking whether C compiler accepts -Wno-missing-field-initializers
configure:4628: gcc -c -g -O2  -Wno-missing-field-initializers  conftest.c >&5
configure:4628: $? = 0
configure:4638: result: yes
configure:4656: : WARN_CFLAGS="$WARN_CFLAGS"
configure:4659: $? = 0
configure:4608: checking whether C compiler accepts -Wformat=2
configure:4628: gcc -c -g -O2  -Wformat=2  conftest.c >&5
configure:4628: $? = 0
configure:4638: result: yes
configure:4656: : WARN_CFLAGS="$WARN_CFLAGS"
configure:4659: $? = 0
configure:4608: checking whether C compiler accepts -Wcast-align
configure:4628: gcc -c -g -O2  -Wcast-align  conftest.c >&5
configure:4628: $? = 0
configure:4638: result: yes
configure:4656: : WARN_CFLAGS="$WARN_CFLAGS"
configure:4659: $? = 0
configure:4608: checking whether C compiler accepts -Wformat-nonliteral
configure:4628: gcc -c -g -O2  -Wformat-nonliteral  conftest.c >&5
cc1: warning: '-Wformat-nonliteral' ignored without '-Wformat' [-Wformat-nonliteral]
configure:4628: $? = 0
configure:4638: result: yes
configure:4656: : WARN_CFLAGS="$WARN_CFLAGS"
configure:4659: $? = 0
configure:4608: checking whether C compiler accepts -Wformat-security
configure:4628: gcc -c -g -O2  -Wformat-security  conftest.c >&5
cc1: warning: '-Wformat-security' ignored without '-Wformat' [-Wformat-security]
configure:4628: $? = 0
configure:4638: result: yes
configure:4656: : WARN_CFLAGS="$WARN_CFLAGS"
configure:4659: $? = 0
configure:4608: checking whether C compiler accepts -Wsign-compare
configure:4628: gcc -c -g -O2  -Wsign-compare  conftest.c >&5
configure:4628: $? = 0
configure:4638: result: yes
configure:4656: : WARN_CFLAGS="$WARN_CFLAGS"
configure:4659: $? = 0
configure:4608: checking whether C compiler accepts -Wstrict-aliasing
configure:4628: gcc -c -g -O2  -Wstrict-aliasing  conftest.c >&5
configure:4628: $? = 0
configure:4638: result: yes
configure:4656: : WARN_CFLAGS="$WARN_CFLAGS"
configure:4659: $? = 0
configure:4608: checking whether C compiler accepts -Wshadow
configure:4628: gcc -c -g -O2  -Wshadow  conftest.c >&5
configure:4628: $? = 0
configure:4638: result: yes
configure:4656: : WARN_CFLAGS="$WARN_CFLAGS"
configure:4659: $? = 0
configure:4608: checking whether C compiler accepts -Winline
configure:4628: gcc -c -g -O2  -Winline  conftest.c >&5
configure:4628: $? = 0
configure:4638: result: yes
configure:4656: : WARN_CFLAGS="$WARN_CFLAGS"
configure:4659: $? = 0
configure:4608: checking whether C compiler accepts -Wpacked
configure:4628: gcc -c -g -O2  -Wpacked  conftest.c >&5
configure:4628: $? = 0
configure:4638: result: yes
configure:4656: : WARN_CFLAGS="$WARN_CFLAGS"
configure:4659: $? = 0
configure:4608: checking whether C compiler accepts -Wmissing-format-attribute
configure:4628: gcc -c -g -O2  -Wmissing-format-attribute  conftest.c >&5
configure:4628: $? = 0
configure:4638: result: yes
configure:4656: : WARN_CFLAGS="$WARN_CFLAGS"
configure:4659: $? = 0
configure:4608: checking whether C compiler accepts -Wmissing-noreturn
configure:4628: gcc -c -g -O2  -Wmissing-noreturn  conftest.c >&5
configure:4628: $? = 0
configure:4638: result: yes
configure:4656: : WARN_CFLAGS="$WARN_CFLAGS"
configure:4659: $? = 0
configure:4608: checking whether C compiler accepts -Winit-self
configure:4628: gcc -c -g -O2  -Winit-self  conftest.c >&5
configure:4628: $? = 0
configure:4638: result: yes
configure:4656: : WARN_CFLAGS="$WARN_CFLAGS"
configure:4659: $? = 0
configure:4608: checking whether C compiler accepts -Wredundant-decls
configure:4638: result: yes
configure:4648: : WARN_CFLAGS already contains $flag
configure:4651: $? = 0
configure:4608: checking whether C compiler accepts -Wmissing-include-dirs
configure:4628: gcc -c -g -O2  -Wmissing-include-dirs  conftest.c >&5
configure:4628: $? = 0
configure:4638: result: yes
configure:4656: : WARN_CFLAGS="$WARN_CFLAGS"
configure:4659: $? = 0
configure:4608: checking whether C compiler accepts -Wunused-but-set-variable
configure:4628: gcc -c -g -O2  -Wunused-but-set-variable  conftest.c >&5
configure:4628: $? = 0
configure:4638: result: yes
configure:4656: : WARN_CFLAGS="$WARN_CFLAGS"
configure:4659: $? = 0
configure:4608: checking whether C compiler accepts -Warray-bounds
configure:4628: gcc -c -g -O2  -Warray-bounds  conftest.c >&5
configure:4628: $? = 0
configure:4638: result: yes
configure:4656: : WARN_CFLAGS="$WARN_CFLAGS"
configure:4659: $? = 0
configure:4608: checking whether C compiler accepts -Wreturn-type
configure:4628: gcc -c -g -O2  -Wreturn-type  conftest.c >&5
configure:4628: $? = 0
configure:4638: result: yes
configure:4656: : WARN_CFLAGS="$WARN_CFLAGS"
configure:4659: $? = 0
configure:4608: checking whether C compiler accepts -Wswitch-enum
configure:4628: gcc -c -g -O2  -Wswitch-enum  conftest.c >&5
configure:4628: $? = 0
configure:4638: result: yes
configure:4656: : WARN_CFLAGS="$WARN_CFLAGS"
configure:4659: $? = 0
configure:4608: checking whether C compiler accepts -Wswitch-default
configure:4628: gcc -c -g -O2  -Wswitch-default  conftest.c >&5
configure:4628: $? = 0
configure:4638: result: yes
configure:4656: : WARN_CFLAGS="$WARN_CFLAGS"
configure:4659: $? = 0
configure:4608: checking whether C compiler accepts -Wduplicated-cond
configure:4628: gcc -c -g -O2  -Wduplicated-cond  conftest.c >&5
configure:4628: $? = 0
configure:4638: result: yes
configure:4656: : WARN_CFLAGS="$WARN_CFLAGS"
configure:4659: $? = 0
configure:4608: checking whether C compiler accepts -Wduplicated-branches
configure:4628: gcc -c -g -O2  -Wduplicated-branches  conftest.c >&5
configure:4628: $? = 0
configure:4638: result: yes
configure:4656: : WARN_CFLAGS="$WARN_CFLAGS"
configure:4659: $? = 0
configure:4608: checking whether C compiler accepts -Wlogical-op
configure:4628: gcc -c -g -O2  -Wlogical-op  conftest.c >&5
configure:4628: $? = 0
configure:4638: result: yes
configure:4656: : WARN_CFLAGS="$WARN_CFLAGS"
configure:4659: $? = 0
configure:4608: checking whether C compiler accepts -Wrestrict
configure:4628: gcc -c -g -O2  -Wrestrict  conftest.c >&5
configure:4628: $? = 0
configure:4638: result: yes
configure:4656: : WARN_CFLAGS="$WARN_CFLAGS"
configure:4659: $? = 0
configure:4608: checking whether C compiler accepts -Wnull-dereference
configure:4628: gcc -c -g -O2  -Wnull-dereference  conftest.c >&5
configure:4628: $? = 0
configure:4638: result: yes
configure:4656: : WARN_CFLAGS="$WARN_CFLAGS"
configure:4659: $? = 0
configure:4608: checking whether C compiler accepts -Wdouble-promotion
configure:4628: gcc -c -g -O2  -Wdouble-promotion  conftest.c >&5
configure:4628: $? = 0
configure:4638: result: yes
configure:4656: : WARN_CFLAGS="$WARN_CFLAGS"
configure:4659: $? = 0
configure:4697: : WARN_CFLAGS already contains -Werror
configure:4700: $? = 0
configure:4731: checking whether C compiler accepts -Wno-suggest-attribute=format
configure:4751: gcc -c -g -O2  -Wno-suggest-attribute=format  conftest.c >&5
configure:4751: $? = 0
configure:4761: result: yes
configure:4779: : WARN_CFLAGS="$WARN_CFLAGS"
configure:4782: $? = 0
configure:4823: checking whether C compiler accepts -Wno-error=unused-parameter
configure:4843: gcc -c -g -O2  -Wno-error=unused-parameter  conftest.c >&5
configure:4843: $? = 0
configure:4853: result: yes
configure:4871: : WARN_CFLAGS="$WARN_CFLAGS"
configure:4874: $? = 0
configure:4823: checking whether C compiler accepts -Wno-error=missing-field-initializers
configure:4843: gcc -c -g -O2  -Wno-error=missing-field-initializers  conftest.c >&5
configure:4843: $? = 0
configure:4853: result: yes
configure:4871: : WARN_CFLAGS="$WARN_CFLAGS"
configure:4874: $? = 0
configure:4931: checking whether C compiler accepts -Werror=unknown-warning-option
configure:4960: result: no
configure:4974: checking whether the linker accepts -Wl,--as-needed
configure:4994: gcc -o conftest -g -O2    -Wl,--as-needed conftest.c  >&5
configure:4994: $? = 0
configure:5004: result: yes
configure:5015: checking whether the linker accepts -Wl,--as-needed
configure:5035: gcc -o conftest -g -O2    -Wl,--as-needed conftest.c  >&5
configure:5035: $? = 0
configure:5046: result: yes
configure:5075: : AM_LDFLAGS="$AM_LDFLAGS"
configure:5078: $? = 0
configure:5094: checking whether the linker accepts -Wl,-z,relro
configure:5114: gcc -o conftest -g -O2    -Wl,-z,relro conftest.c  >&5
configure:5114: $? = 0
configure:5124: result: yes
configure:5135: checking whether the linker accepts -Wl,-z,relro
configure:5155: gcc -o conftest -g -O2    -Wl,-z,relro conftest.c  >&5
configure:5155: $? = 0
configure:5166: result: yes
configure:5184: : AM_LDFLAGS="$AM_LDFLAGS"
configure:5187: $? = 0
configure:5214: checking whether the linker accepts -Wl,-z,now
configure:5234: gcc -o conftest -g -O2    -Wl,-z,now conftest.c  >&5
configure:5234: $? = 0
configure:5244: result: yes
configure:5255: checking whether the linker accepts -Wl,-z,now
configure:5275: gcc -o conftest -g -O2    -Wl,-z,now conftest.c  >&5
configure:5275: $? = 0
configure:5286: result: yes
configure:5304: : AM_LDFLAGS="$AM_LDFLAGS"
configure:5307: $? = 0
configure:5334: checking whether the linker accepts -Wl,-z,noexecstack
configure:5354: gcc -o conftest -g -O2    -Wl,-z,noexecstack conftest.c  >&5
configure:5354: $? = 0
configure:5364: result: yes
configure:5375: checking whether the linker accepts -Wl,-z,noexecstack
configure:5395: gcc -o conftest -g -O2    -Wl,-z,noexecstack conftest.c  >&5
configure:5395: $? = 0
configure:5406: result: yes
configure:5424: : AM_LDFLAGS="$AM_LDFLAGS"
configure:5427: $? = 0
configure:5457: checking whether the linker accepts -Wl,--no-as-needed
configure:5477: gcc -o conftest -g -O2    -Wl,--no-as-needed conftest.c  >&5
configure:5477: $? = 0
configure:5487: result: yes
configure:5503: checking whether the linker accepts -Wl,--fatal-warnings
configure:5523: gcc -o conftest -g -O2    -Wl,--fatal-warnings conftest.c  >&5
configure:5523: $? = 0
configure:5533: result: yes
configure:5544: checking whether the linker accepts -Wl,-fatal_warnings
configure:5564: gcc -o conftest -g -O2    -Wl,-fatal_warnings conftest.c  >&5
/sbin/ld: -f may not be used without -shared
collect2: error: ld returned 1 exit status
configure:5564: $? = 1
configure: failed program was:
| /* confdefs.h */
| #define PACKAGE_NAME "42sh"
| #define PACKAGE_TARNAME "42sh"
| #define PACKAGE_VERSION "1.0"
| #define PACKAGE_STRING "42sh 1.0"
| #define PACKAGE_BUGREPORT "david-oritz.calderon@epita.fr"
| #define PACKAGE_URL ""
| #define PACKAGE "42sh"
| #define VERSION "1.0"
| /* end confdefs.h.  */
| 
| int
| main (void)
| {
| 
|   ;
|   return 0;
| }
configure:5574: result: no
configure:5593: checking whether the linker accepts -Wl,--no-as-needed
configure:5613: gcc -o conftest -g -O2    -Wl,--no-as-needed conftest.c  >&5
configure:5613: $? = 0
configure:5624: result: yes
configure:5653: : WARN_LDFLAGS="$WARN_LDFLAGS"
configure:5656: $? = 0
configure:5768: checking whether the linker accepts -Wl,--fatal-warnings
configure:5788: gcc -o conftest -g -O2    -Wl,--fatal-warnings conftest.c  >&5
configure:5788: $? = 0
configure:5799: result: yes
configure:5817: : WARN_LDFLAGS="$WARN_LDFLAGS"
configure:5820: $? = 0
configure:5881: : WARN_SCANNERFLAGS="$WARN_SCANNERFLAGS"
configure:5884: $? = 0
configure:5908: : WARN_SCANNERFLAGS="$WARN_SCANNERFLAGS"
configure:5911: $? = 0
configure:5947: : WARN_SCANNERFLAGS="$WARN_SCANNERFLAGS"
configure:5950: $? = 0
configure:6029: checking for ar
configure:6050: found /sbin/ar
configure:6061: result: ar
configure:6087: checking the archiver (ar) interface
configure:6104: gcc -c -g -O2  conftest.c >&5
configure:6104: $? = 0
configure:6107: ar cru libconftest.a conftest.o >&5
ar: `u' modifier ignored since `D' is the default (see `U')
configure:6110: $? = 0
configure:6138: result: ar
configure:6206: checking for ranlib
configure:6227: found /sbin/ranlib
configure:6238: result: ranlib
configure:6401: checking that generated files are newer than configure
configure:6407: result: done
configure:6430: creating ./config.status

## ---------------------- ##
## Running config.status. ##
## ---------------------- ##

This file was extended by 42sh config.status 1.0, which was
generated by GNU Autoconf 2.71.  Invocation command line was

  CONFIG_FILES    = 
  CONFIG_HEADERS  = 
  CONFIG_LINKS    = 
  CONFIG_COMMANDS = 
  $ ./config.status 

on ArchLinux

config.status:789: creating Makefile
config.status:789: creating src/ast/Makefile
config.status:789: creating src/builtins/Makefile
config.status:789: creating src/exec/Makefile
config.status:789: creating src/exec_tree/Makefile
config.status:789: creating src/lexer/Makefile
config.status:789: creating src/parser/Makefile
config.status:789: creating src/Makefile
config.status:789: creating tests/Makefile
config.status:961: executing depfiles commands
config.status:1038: cd src/ast       && sed -e '/# am--include-marker/d' Makefile         | make -f - am--depfiles
config.status:1043: $? = 0
config.status:1038: cd src/builtins       && sed -e '/# am--include-marker/d' Makefile         | make -f - am--depfiles
config.status:1043: $? = 0
config.status:1038: cd src/exec       && sed -e '/# am--include-marker/d' Makefile         | make -f - am--depfiles
config.status:1043: $? = 0
config.status:1038: cd src/exec_tree       && sed -e '/# am--include-marker/d' Makefile         | make -f - am--depfiles
config.status:1043: $? = 0
config.status:1038: cd src/lexer       && sed -e '/# am--include-marker/d' Makefile         | make -f - am--depfiles
config.status:1043: $? = 0
config.status:1038: cd src/parser       && sed -e '/# am--include-marker/d' Makefile         | make -f - am--depfiles
config.status:1043: $? = 0
config.status:1038: cd src       && sed -e '/# am--include-marker/d' Makefile         | make -f - am--depfiles
config.status:1043: $? = 0

## ---------------- ##
## Cache variables. ##
## ---------------- ##

ac_cv_c_compiler_gnu=yes
ac_cv_env_CC_set=
ac_cv_env_CC_value=
ac_cv_env_CFLAGS_set=
ac_cv_env_CFLAGS_value=
ac_cv_env_CPPFLAGS_set=
ac_cv_env_CPPFLAGS_value=
ac_cv_env_LDFLAGS_set=
ac_cv_env_LDFLAGS_value=
ac_cv_env_LIBS_set=
ac_cv_env_LIBS_value=
ac_cv_env_build_alias_set=
ac_cv_env_build_alias_value=
ac_cv_env_host_alias_set=
ac_cv_env_host_alias_value=
ac_cv_env_target_alias_set=
ac_cv_env_target_alias_value=
ac_cv_objext=o
ac_cv_path_SED=/sbin/sed
ac_cv_path_install='/bin/install -c'
ac_cv_path_mkdir=/sbin/mkdir
ac_cv_prog_AWK=gawk
ac_cv_prog_ac_ct_AR=ar
ac_cv_prog_ac_ct_CC=gcc
ac_cv_prog_ac_ct_RANLIB=ranlib
ac_cv_prog_cc_c11=
ac_cv_prog_cc_g=yes
ac_cv_prog_cc_stdc=
ac_cv_prog_make_make_set=yes
am_cv_CC_dependencies_compiler_type=gcc3
am_cv_ar_interface=ar
am_cv_make_support_nested_variables=yes
am_cv_prog_cc_c_o=yes
ax_cv_check_cflags__Wall=yes
ax_cv_check_cflags__Warray_bounds=yes
ax_cv_check_cflags__Wcast_align=yes
ax_cv_check_cflags__Wdeclaration_after_statement=yes
ax_cv_check_cflags__Wdouble_promotion=yes
ax_cv_check_cflags__Wduplicated_branches=yes
ax_cv_check_cflags__Wduplicated_cond=yes
ax_cv_check_cflags__Werror=yes
ax_cv_check_cflags__Wextra=yes
ax_cv_check_cflags__Wformat_2=yes
ax_cv_check_cflags__Wformat_nonliteral=yes
ax_cv_check_cflags__Wformat_security=yes
ax_cv_check_cflags__Wimplicit_function_declaration=yes
ax_cv_check_cflags__Winit_self=yes
ax_cv_check_cflags__Winline=yes
ax_cv_check_cflags__Wjump_misses_init=yes
ax_cv_check_cflags__Wlogical_op=yes
ax_cv_check_cflags__Wmissing_declarations=yes
ax_cv_check_cflags__Wmissing_format_attribute=yes
ax_cv_check_cflags__Wmissing_include_dirs=yes
ax_cv_check_cflags__Wmissing_noreturn=yes
ax_cv_check_cflags__Wmissing_prototypes=yes
ax_cv_check_cflags__Wnested_externs=yes
ax_cv_check_cflags__Wno_error_missing_field_initializers=yes
ax_cv_check_cflags__Wno_error_unused_parameter=yes
ax_cv_check_cflags__Wno_missing_field_initializers=yes
ax_cv_check_cflags__Wno_suggest_attribute_format=yes
ax_cv_check_cflags__Wno_unused_parameter=yes
ax_cv_check_cflags__Wnull_dereference=yes
ax_cv_check_cflags__Wold_style_definition=yes
ax_cv_check_cflags__Wpacked=yes
ax_cv_check_cflags__Wpointer_arith=yes
ax_cv_check_cflags__Wredundant_decls=yes
ax_cv_check_cflags__Wrestrict=yes
ax_cv_check_cflags__Wreturn_type=yes
ax_cv_check_cflags__Wshadow=yes
ax_cv_check_cflags__Wsign_compare=yes
ax_cv_check_cflags__Wstrict_aliasing=yes
ax_cv_check_cflags__Wstrict_prototypes=yes
ax_cv_check_cflags__Wswitch_default=yes
ax_cv_check_cflags__Wswitch_enum=yes
ax_cv_check_cflags__Wundef=yes
ax_cv_check_cflags__Wunused_but_set_variable=yes
ax_cv_check_cflags__Wwrite_strings=yes
ax_cv_check_cflags___Werror_unknown_warning_option=no
ax_cv_check_cflags___Wno_suggest_attribute_format=yes
ax_cv_check_cflags__fno_strict_aliasing=yes
ax_cv_check_cflags__pedantic=yes
ax_cv_check_cflags__std_c99=yes
ax_cv_check_ldflags__Wl___as_needed=yes
ax_cv_check_ldflags__Wl___fatal_warnings=yes
ax_cv_check_ldflags__Wl___no_as_needed=yes
ax_cv_check_ldflags__Wl__z_noexecstack=yes
ax_cv_check_ldflags__Wl__z_now=yes
ax_cv_check_ldflags__Wl__z_relro=yes
ax_cv_check_ldflags___Wl___as_needed=yes
ax_cv_check_ldflags___Wl___fatal_warnings=yes
ax_cv_check_ldflags___Wl___no_as_needed=yes
ax_cv_check_ldflags___Wl__fatal_warnings=no
ax_cv_check_ldflags___Wl__z_noexecstack=yes
ax_cv_check_ldflags___Wl__z_now=yes
ax_cv_check_ldflags___Wl__z_relro=yes

## ----------------- ##
## Output variables. ##
## ----------------- ##

ACLOCAL='${SHELL} '\''/home/jar/ING1/CNIX/projects/42sh_gitlab/missing'\'' aclocal-1.16'
AMDEPBACKSLASH='\'
AMDEP_FALSE='#'
AMDEP_TRUE=''
AMTAR='$${TAR-tar}'
AM_BACKSLASH='\'
AM_DEFAULT_V='$(AM_DEFAULT_VERBOSITY)'
AM_DEFAULT_VERBOSITY='1'
AM_V='$(V)'
AR='ar'
AUTOCONF='${SHELL} '\''/home/jar/ING1/CNIX/projects/42sh_gitlab/missing'\'' autoconf'
AUTOHEADER='${SHELL} '\''/home/jar/ING1/CNIX/projects/42sh_gitlab/missing'\'' autoheader'
AUTOMAKE='${SHELL} '\''/home/jar/ING1/CNIX/projects/42sh_gitlab/missing'\'' automake-1.16'
AWK='gawk'
CC='gcc'
CCDEPMODE='depmode=gcc3'
CFLAGS='-g -O2'
CPPFLAGS=''
CSCOPE='cscope'
CTAGS='ctags'
CYGPATH_W='echo'
DEFS='-DPACKAGE_NAME=\"42sh\" -DPACKAGE_TARNAME=\"42sh\" -DPACKAGE_VERSION=\"1.0\" -DPACKAGE_STRING=\"42sh\ 1.0\" -DPACKAGE_BUGREPORT=\"david-oritz.calderon@epita.fr\" -DPACKAGE_URL=\"\" -DPACKAGE=\"42sh\" -DVERSION=\"1.0\"'
DEPDIR='.deps'
ECHO_C=''
ECHO_N='-n'
ECHO_T=''
ETAGS='etags'
EXEEXT=''
INSTALL_DATA='${INSTALL} -m 644'
INSTALL_PROGRAM='${INSTALL}'
INSTALL_SCRIPT='${INSTALL}'
INSTALL_STRIP_PROGRAM='$(install_sh) -c -s'
LDFLAGS=''
LIBOBJS=''
LIBS=''
LTLIBOBJS=''
MAKEINFO='${SHELL} '\''/home/jar/ING1/CNIX/projects/42sh_gitlab/missing'\'' makeinfo'
MKDIR_P='/sbin/mkdir -p'
OBJEXT='o'
PACKAGE='42sh'
PACKAGE_BUGREPORT='david-oritz.calderon@epita.fr'
PACKAGE_NAME='42sh'
PACKAGE_STRING='42sh 1.0'
PACKAGE_TARNAME='42sh'
PACKAGE_URL=''
PACKAGE_VERSION='1.0'
PATH_SEPARATOR=':'
RANLIB='ranlib'
SED='/sbin/sed'
SET_MAKE=''
SHELL='/bin/sh'
STRIP=''
VERSION='1.0'
WARN_CFLAGS='-fno-strict-aliasing -Wall -Wextra -Werror -std=c99 -pedantic -Wnested-externs -Wmissing-prototypes -Wstrict-prototypes -Wdeclaration-after-statement -Wimplicit-function-declaration -Wold-style-definition -Wjump-misses-init -Wundef -Wwrite-strings -Wpointer-arith -Wmissing-declarations -Wredundant-decls -Wno-unused-parameter -Wno-missing-field-initializers -Wformat=2 -Wcast-align -Wformat-nonliteral -Wformat-security -Wsign-compare -Wstrict-aliasing -Wshadow -Winline -Wpacked -Wmissing-format-attribute -Wmissing-noreturn -Winit-self -Wmissing-include-dirs -Wunused-but-set-variable -Warray-bounds -Wreturn-type -Wswitch-enum -Wswitch-default -Wduplicated-cond -Wduplicated-branches -Wlogical-op -Wrestrict -Wnull-dereference -Wdouble-promotion -Wno-suggest-attribute=format -Wno-error=unused-parameter -Wno-error=missing-field-initializers'
WARN_LDFLAGS='-Wl,--no-as-needed -Wl,--fatal-warnings'
WARN_SCANNERFLAGS='              --warn-all                                                                           --warn-error         '
ac_ct_AR='ar'
ac_ct_CC='gcc'
am__EXEEXT_FALSE=''
am__EXEEXT_TRUE='#'
am__fastdepCC_FALSE='#'
am__fastdepCC_TRUE=''
am__include='include'
am__isrc=''
am__leading_dot='.'
am__nodep='_no'
am__quote=''
am__tar='$${TAR-tar} chof - "$$tardir"'
am__untar='$${TAR-tar} xf -'
bindir='${exec_prefix}/bin'
build_alias=''
datadir='${datarootdir}'
datarootdir='${prefix}/share'
docdir='${datarootdir}/doc/${PACKAGE_TARNAME}'
dvidir='${docdir}'
exec_prefix='${prefix}'
host_alias=''
htmldir='${docdir}'
includedir='${prefix}/include'
infodir='${datarootdir}/info'
install_sh='${SHELL} /home/jar/ING1/CNIX/projects/42sh_gitlab/install-sh'
libdir='${exec_prefix}/lib'
libexecdir='${exec_prefix}/libexec'
localedir='${datarootdir}/locale'
localstatedir='${prefix}/var'
mandir='${datarootdir}/man'
mkdir_p='$(MKDIR_P)'
oldincludedir='/usr/include'
pdfdir='${docdir}'
prefix='/usr/local'
program_transform_name='s,x,x,'
psdir='${docdir}'
runstatedir='${localstatedir}/run'
sbindir='${exec_prefix}/sbin'
sharedstatedir='${prefix}/com'
sysconfdir='${prefix}/etc'
target_alias=''

## ----------- ##
## confdefs.h. ##
## ----------- ##

/* confdefs.h */
#define PACKAGE_NAME "42sh"
#define PACKAGE_TARNAME "42sh"
#define PACKAGE_VERSION "1.0"
#define PACKAGE_STRING "42sh 1.0"
#define PACKAGE_BUGREPORT "david-oritz.calderon@epita.fr"
#define PACKAGE_URL ""
#define PACKAGE "42sh"
#define VERSION "1.0"

configure: exit 0
